0 info it worked if it ends with ok
1 verbose cli [ '/home/hammad/.nvm/versions/node/v4.4.7/bin/node',
1 verbose cli   '/home/hammad/.nvm/versions/node/v4.4.7/bin/npm',
1 verbose cli   'run',
1 verbose cli   'dev' ]
2 info using npm@3.10.5
3 info using node@v4.4.7
4 verbose stack Error: missing script: dev
4 verbose stack     at run (/home/hammad/.nvm/versions/node/v4.4.7/lib/node_modules/npm/lib/run-script.js:151:19)
4 verbose stack     at /home/hammad/.nvm/versions/node/v4.4.7/lib/node_modules/npm/lib/run-script.js:61:5
4 verbose stack     at /home/hammad/.nvm/versions/node/v4.4.7/lib/node_modules/npm/node_modules/read-package-json/read-json.js:356:5
4 verbose stack     at checkBinReferences_ (/home/hammad/.nvm/versions/node/v4.4.7/lib/node_modules/npm/node_modules/read-package-json/read-json.js:320:45)
4 verbose stack     at final (/home/hammad/.nvm/versions/node/v4.4.7/lib/node_modules/npm/node_modules/read-package-json/read-json.js:354:3)
4 verbose stack     at then (/home/hammad/.nvm/versions/node/v4.4.7/lib/node_modules/npm/node_modules/read-package-json/read-json.js:124:5)
4 verbose stack     at ReadFileContext.<anonymous> (/home/hammad/.nvm/versions/node/v4.4.7/lib/node_modules/npm/node_modules/read-package-json/read-json.js:295:20)
4 verbose stack     at ReadFileContext.callback (/home/hammad/.nvm/versions/node/v4.4.7/lib/node_modules/npm/node_modules/graceful-fs/graceful-fs.js:78:16)
4 verbose stack     at FSReqWrap.readFileAfterOpen [as oncomplete] (fs.js:303:13)
5 verbose cwd /home/hammad/Projects/react-samples/redux-demo
6 error Linux 4.4.0-34-generic
7 error argv "/home/hammad/.nvm/versions/node/v4.4.7/bin/node" "/home/hammad/.nvm/versions/node/v4.4.7/bin/npm" "run" "dev"
8 error node v4.4.7
9 error npm  v3.10.5
10 error missing script: dev
11 error If you need help, you may report this error at:
11 error     <https://github.com/npm/npm/issues>
12 verbose exit [ 1, true ]
